2026-01-17 21:19:08.743965 INFO::Writing function arguments to log file
2026-01-17 21:19:08.747637 DEBUG::Function arguments
2026-01-17 21:19:08.751157 DEBUG::Output folder: maaslin/SV_metresponders_timepoint_interaction2
2026-01-17 21:19:08.751336 DEBUG::Min Abundance: 0.000000
2026-01-17 21:19:08.75148 DEBUG::Min Prevalence: 0.100000
2026-01-17 21:19:08.751615 DEBUG::Normalization: CLR
2026-01-17 21:19:08.751744 DEBUG::Transform: NONE
2026-01-17 21:19:08.751872 DEBUG::Analysis method: LM
2026-01-17 21:19:08.751999 DEBUG::Max significance: 0.250000
2026-01-17 21:19:08.752125 DEBUG::Random effects: participant
2026-01-17 21:19:08.752258 DEBUG::Fixed effects: metabolic_responder,timepoint,time_responder
2026-01-17 21:19:08.752385 DEBUG::Correction method: BH
2026-01-17 21:19:08.75251 DEBUG::Standardize: FALSE
2026-01-17 21:19:08.752633 DEBUG::Cores: 1
2026-01-17 21:19:08.752754 INFO::Verifying options selected are valid
2026-01-17 21:19:08.774009 INFO::Determining format of input files
2026-01-17 21:19:08.774486 INFO::Input format is data samples as rows and metadata samples as rows
2026-01-17 21:19:08.775198 DEBUG::The following samples were found to have metadata but no features. They will be removed. 003_pre,004_pre,004_post,DNA_BLANK2,PCR_BLANK2
2026-01-17 21:19:08.775375 DEBUG::A total of 20 samples were found in both the data and metadata
2026-01-17 21:19:08.775514 DEBUG::Reordering data/metadata to use same sample ordering
2026-01-17 21:19:08.777625 INFO::Formula for random effects: expr ~ (1 | participant)
2026-01-17 21:19:08.777992 INFO::Formula for fixed effects: expr ~  metabolic_responder + timepoint + time_responder
2026-01-17 21:19:08.778569 INFO::Filter data based on min abundance and min prevalence
2026-01-17 21:19:08.778841 INFO::Total samples in data: 20
2026-01-17 21:19:08.779087 INFO::Min samples required with min abundance for a feature not to be filtered: 2.000000
2026-01-17 21:19:08.781674 INFO::Total filtered features: 0
2026-01-17 21:19:08.782052 INFO::Filtered feature names from abundance and prevalence filtering:
2026-01-17 21:19:08.7862 INFO::Total filtered features with variance filtering: 0
2026-01-17 21:19:08.786598 INFO::Filtered feature names from variance filtering:
2026-01-17 21:19:08.786845 INFO::Running selected normalization method: CLR
2026-01-17 21:19:08.821419 INFO::Bypass z-score application to metadata
2026-01-17 21:19:08.821804 INFO::Running selected transform method: NONE
2026-01-17 21:19:08.822103 INFO::Running selected analysis method: LM
2026-01-17 21:19:08.824928 INFO::Fitting model to feature number 1, SV_1
2026-01-17 21:19:08.876562 INFO::Fitting model to feature number 2, SV_10
2026-01-17 21:19:08.899461 INFO::Fitting model to feature number 3, SV_100
2026-01-17 21:19:08.919202 INFO::Fitting model to feature number 4, SV_101
2026-01-17 21:19:08.938579 INFO::Fitting model to feature number 5, SV_102
2026-01-17 21:19:08.957795 INFO::Fitting model to feature number 6, SV_103
2026-01-17 21:19:08.97762 INFO::Fitting model to feature number 7, SV_104
2026-01-17 21:19:09.000033 INFO::Fitting model to feature number 8, SV_105
2026-01-17 21:19:09.021012 INFO::Fitting model to feature number 9, SV_106
2026-01-17 21:19:09.042708 INFO::Fitting model to feature number 10, SV_107
2026-01-17 21:19:09.064394 INFO::Fitting model to feature number 11, SV_11
2026-01-17 21:19:09.098884 INFO::Fitting model to feature number 12, SV_110
2026-01-17 21:19:09.120073 INFO::Fitting model to feature number 13, SV_111
2026-01-17 21:19:09.141044 INFO::Fitting model to feature number 14, SV_112
2026-01-17 21:19:09.161581 INFO::Fitting model to feature number 15, SV_113
2026-01-17 21:19:09.182671 INFO::Fitting model to feature number 16, SV_114
2026-01-17 21:19:09.203511 INFO::Fitting model to feature number 17, SV_115
2026-01-17 21:19:09.224088 INFO::Fitting model to feature number 18, SV_116
2026-01-17 21:19:09.24406 INFO::Fitting model to feature number 19, SV_117
2026-01-17 21:19:09.264947 INFO::Fitting model to feature number 20, SV_118
2026-01-17 21:19:09.286409 INFO::Fitting model to feature number 21, SV_119
2026-01-17 21:19:09.306413 INFO::Fitting model to feature number 22, SV_12
2026-01-17 21:19:09.32619 INFO::Fitting model to feature number 23, SV_120
2026-01-17 21:19:09.345986 INFO::Fitting model to feature number 24, SV_121
2026-01-17 21:19:09.371627 INFO::Fitting model to feature number 25, SV_122
2026-01-17 21:19:09.391432 INFO::Fitting model to feature number 26, SV_123
2026-01-17 21:19:09.411585 INFO::Fitting model to feature number 27, SV_124
2026-01-17 21:19:09.432154 INFO::Fitting model to feature number 28, SV_125
2026-01-17 21:19:09.453057 INFO::Fitting model to feature number 29, SV_126
2026-01-17 21:19:09.474176 INFO::Fitting model to feature number 30, SV_127
2026-01-17 21:19:09.494073 INFO::Fitting model to feature number 31, SV_128
2026-01-17 21:19:09.513848 INFO::Fitting model to feature number 32, SV_129
2026-01-17 21:19:09.534725 INFO::Fitting model to feature number 33, SV_13
2026-01-17 21:19:09.556371 INFO::Fitting model to feature number 34, SV_130
2026-01-17 21:19:09.577352 INFO::Fitting model to feature number 35, SV_133
2026-01-17 21:19:09.597458 INFO::Fitting model to feature number 36, SV_134
2026-01-17 21:19:09.61749 INFO::Fitting model to feature number 37, SV_135
2026-01-17 21:19:09.63724 INFO::Fitting model to feature number 38, SV_136
2026-01-17 21:19:09.663865 INFO::Fitting model to feature number 39, SV_14
2026-01-17 21:19:09.683542 INFO::Fitting model to feature number 40, SV_140
2026-01-17 21:19:09.702787 INFO::Fitting model to feature number 41, SV_141
2026-01-17 21:19:09.723284 INFO::Fitting model to feature number 42, SV_142
2026-01-17 21:19:09.744081 INFO::Fitting model to feature number 43, SV_143
2026-01-17 21:19:09.764047 INFO::Fitting model to feature number 44, SV_144
2026-01-17 21:19:09.783673 INFO::Fitting model to feature number 45, SV_145
2026-01-17 21:19:09.80331 INFO::Fitting model to feature number 46, SV_147
2026-01-17 21:19:09.823239 INFO::Fitting model to feature number 47, SV_148
2026-01-17 21:19:09.843313 INFO::Fitting model to feature number 48, SV_149
2026-01-17 21:19:09.862851 INFO::Fitting model to feature number 49, SV_15
2026-01-17 21:19:09.882328 INFO::Fitting model to feature number 50, SV_151
2026-01-17 21:19:09.901924 INFO::Fitting model to feature number 51, SV_153
2026-01-17 21:19:09.927048 INFO::Fitting model to feature number 52, SV_154
2026-01-17 21:19:09.947871 INFO::Fitting model to feature number 53, SV_157
2026-01-17 21:19:09.967629 INFO::Fitting model to feature number 54, SV_158
2026-01-17 21:19:09.989186 INFO::Fitting model to feature number 55, SV_159
2026-01-17 21:19:10.009735 INFO::Fitting model to feature number 56, SV_16
2026-01-17 21:19:10.03147 INFO::Fitting model to feature number 57, SV_160
2026-01-17 21:19:10.052248 INFO::Fitting model to feature number 58, SV_162
2026-01-17 21:19:10.07354 INFO::Fitting model to feature number 59, SV_163
2026-01-17 21:19:10.095751 INFO::Fitting model to feature number 60, SV_165
2026-01-17 21:19:10.117334 INFO::Fitting model to feature number 61, SV_166
2026-01-17 21:19:10.139343 INFO::Fitting model to feature number 62, SV_168
2026-01-17 21:19:10.160861 INFO::Fitting model to feature number 63, SV_17
2026-01-17 21:19:10.18278 INFO::Fitting model to feature number 64, SV_170
2026-01-17 21:19:10.205044 INFO::Fitting model to feature number 65, SV_171
2026-01-17 21:19:10.23158 INFO::Fitting model to feature number 66, SV_173
2026-01-17 21:19:10.252791 INFO::Fitting model to feature number 67, SV_175
2026-01-17 21:19:10.273638 INFO::Fitting model to feature number 68, SV_176
2026-01-17 21:19:10.293433 INFO::Fitting model to feature number 69, SV_177
2026-01-17 21:19:10.312824 INFO::Fitting model to feature number 70, SV_178
2026-01-17 21:19:10.332325 INFO::Fitting model to feature number 71, SV_18
2026-01-17 21:19:10.351571 INFO::Fitting model to feature number 72, SV_180
2026-01-17 21:19:10.37047 INFO::Fitting model to feature number 73, SV_182
2026-01-17 21:19:10.389768 INFO::Fitting model to feature number 74, SV_185
2026-01-17 21:19:10.409086 INFO::Fitting model to feature number 75, SV_186
2026-01-17 21:19:10.42962 INFO::Fitting model to feature number 76, SV_187
2026-01-17 21:19:10.4502 INFO::Fitting model to feature number 77, SV_188
2026-01-17 21:19:10.470586 INFO::Fitting model to feature number 78, SV_189
2026-01-17 21:19:10.496193 INFO::Fitting model to feature number 79, SV_19
2026-01-17 21:19:10.516406 INFO::Fitting model to feature number 80, SV_194
2026-01-17 21:19:10.536406 INFO::Fitting model to feature number 81, SV_195
2026-01-17 21:19:10.557745 INFO::Fitting model to feature number 82, SV_196
2026-01-17 21:19:10.578761 INFO::Fitting model to feature number 83, SV_197
2026-01-17 21:19:10.599945 INFO::Fitting model to feature number 84, SV_198
2026-01-17 21:19:10.620126 INFO::Fitting model to feature number 85, SV_199
2026-01-17 21:19:10.639357 INFO::Fitting model to feature number 86, SV_2
2026-01-17 21:19:10.658536 INFO::Fitting model to feature number 87, SV_20
2026-01-17 21:19:10.678261 INFO::Fitting model to feature number 88, SV_200
2026-01-17 21:19:10.698201 INFO::Fitting model to feature number 89, SV_201
2026-01-17 21:19:10.717806 INFO::Fitting model to feature number 90, SV_202
2026-01-17 21:19:10.738136 INFO::Fitting model to feature number 91, SV_204
2026-01-17 21:19:10.758977 INFO::Fitting model to feature number 92, SV_206
2026-01-17 21:19:10.785703 INFO::Fitting model to feature number 93, SV_207
2026-01-17 21:19:10.805748 INFO::Fitting model to feature number 94, SV_208
2026-01-17 21:19:10.825688 INFO::Fitting model to feature number 95, SV_21
2026-01-17 21:19:10.845805 INFO::Fitting model to feature number 96, SV_210
2026-01-17 21:19:10.867204 INFO::Fitting model to feature number 97, SV_211
2026-01-17 21:19:10.888355 INFO::Fitting model to feature number 98, SV_212
2026-01-17 21:19:10.908504 INFO::Fitting model to feature number 99, SV_213
2026-01-17 21:19:10.927566 INFO::Fitting model to feature number 100, SV_214
2026-01-17 21:19:10.947235 INFO::Fitting model to feature number 101, SV_215
2026-01-17 21:19:10.966855 INFO::Fitting model to feature number 102, SV_216
2026-01-17 21:19:10.985668 INFO::Fitting model to feature number 103, SV_218
2026-01-17 21:19:11.004654 INFO::Fitting model to feature number 104, SV_219
2026-01-17 21:19:11.023754 INFO::Fitting model to feature number 105, SV_22
2026-01-17 21:19:11.048471 INFO::Fitting model to feature number 106, SV_220
2026-01-17 21:19:11.06873 INFO::Fitting model to feature number 107, SV_222
2026-01-17 21:19:11.08963 INFO::Fitting model to feature number 108, SV_223
2026-01-17 21:19:11.110709 INFO::Fitting model to feature number 109, SV_225
2026-01-17 21:19:11.131415 INFO::Fitting model to feature number 110, SV_226
2026-01-17 21:19:11.152766 INFO::Fitting model to feature number 111, SV_227
2026-01-17 21:19:11.173038 INFO::Fitting model to feature number 112, SV_229
2026-01-17 21:19:11.192863 INFO::Fitting model to feature number 113, SV_23
2026-01-17 21:19:11.212302 INFO::Fitting model to feature number 114, SV_230
2026-01-17 21:19:11.232087 INFO::Fitting model to feature number 115, SV_232
2026-01-17 21:19:11.251423 INFO::Fitting model to feature number 116, SV_233
2026-01-17 21:19:11.270502 INFO::Fitting model to feature number 117, SV_234
2026-01-17 21:19:11.289393 INFO::Fitting model to feature number 118, SV_235
2026-01-17 21:19:11.308195 INFO::Fitting model to feature number 119, SV_239
2026-01-17 21:19:11.333007 INFO::Fitting model to feature number 120, SV_24
2026-01-17 21:19:11.351819 INFO::Fitting model to feature number 121, SV_240
2026-01-17 21:19:11.370512 INFO::Fitting model to feature number 122, SV_241
2026-01-17 21:19:11.389468 INFO::Fitting model to feature number 123, SV_243
2026-01-17 21:19:11.408878 INFO::Fitting model to feature number 124, SV_245
2026-01-17 21:19:11.428445 INFO::Fitting model to feature number 125, SV_246
2026-01-17 21:19:11.447581 INFO::Fitting model to feature number 126, SV_247
2026-01-17 21:19:11.466486 INFO::Fitting model to feature number 127, SV_248
2026-01-17 21:19:11.482374 WARNING::Fitting problem for feature 127 a warning was issued
2026-01-17 21:19:11.502015 INFO::Fitting model to feature number 128, SV_249
2026-01-17 21:19:11.520912 INFO::Fitting model to feature number 129, SV_25
2026-01-17 21:19:11.540325 INFO::Fitting model to feature number 130, SV_250
2026-01-17 21:19:11.559903 INFO::Fitting model to feature number 131, SV_251
2026-01-17 21:19:11.585114 INFO::Fitting model to feature number 132, SV_252
2026-01-17 21:19:11.604079 INFO::Fitting model to feature number 133, SV_253
2026-01-17 21:19:11.622624 INFO::Fitting model to feature number 134, SV_254
2026-01-17 21:19:11.641183 INFO::Fitting model to feature number 135, SV_256
2026-01-17 21:19:11.659821 INFO::Fitting model to feature number 136, SV_257
2026-01-17 21:19:11.678903 INFO::Fitting model to feature number 137, SV_258
2026-01-17 21:19:11.700057 INFO::Fitting model to feature number 138, SV_259
2026-01-17 21:19:11.720019 INFO::Fitting model to feature number 139, SV_26
2026-01-17 21:19:11.739741 INFO::Fitting model to feature number 140, SV_261
2026-01-17 21:19:11.759555 INFO::Fitting model to feature number 141, SV_263
2026-01-17 21:19:11.779061 INFO::Fitting model to feature number 142, SV_264
2026-01-17 21:19:11.798031 INFO::Fitting model to feature number 143, SV_266
2026-01-17 21:19:11.816844 INFO::Fitting model to feature number 144, SV_267
2026-01-17 21:19:11.835699 INFO::Fitting model to feature number 145, SV_268
2026-01-17 21:19:11.860386 INFO::Fitting model to feature number 146, SV_269
2026-01-17 21:19:11.879267 INFO::Fitting model to feature number 147, SV_27
2026-01-17 21:19:11.898288 INFO::Fitting model to feature number 148, SV_271
2026-01-17 21:19:11.918218 INFO::Fitting model to feature number 149, SV_273
2026-01-17 21:19:11.940035 INFO::Fitting model to feature number 150, SV_274
2026-01-17 21:19:11.961871 INFO::Fitting model to feature number 151, SV_275
2026-01-17 21:19:11.982201 INFO::Fitting model to feature number 152, SV_277
2026-01-17 21:19:12.001274 INFO::Fitting model to feature number 153, SV_28
2026-01-17 21:19:12.021075 INFO::Fitting model to feature number 154, SV_281
2026-01-17 21:19:12.040777 INFO::Fitting model to feature number 155, SV_282
2026-01-17 21:19:12.059741 INFO::Fitting model to feature number 156, SV_283
2026-01-17 21:19:12.079655 INFO::Fitting model to feature number 157, SV_284
2026-01-17 21:19:12.100387 INFO::Fitting model to feature number 158, SV_285
2026-01-17 21:19:12.127435 INFO::Fitting model to feature number 159, SV_286
2026-01-17 21:19:12.148742 INFO::Fitting model to feature number 160, SV_287
2026-01-17 21:19:12.169172 INFO::Fitting model to feature number 161, SV_288
2026-01-17 21:19:12.189307 INFO::Fitting model to feature number 162, SV_289
2026-01-17 21:19:12.209735 INFO::Fitting model to feature number 163, SV_29
2026-01-17 21:19:12.230136 INFO::Fitting model to feature number 164, SV_290
2026-01-17 21:19:12.251156 INFO::Fitting model to feature number 165, SV_294
2026-01-17 21:19:12.270601 INFO::Fitting model to feature number 166, SV_295
2026-01-17 21:19:12.289971 INFO::Fitting model to feature number 167, SV_297
2026-01-17 21:19:12.309604 INFO::Fitting model to feature number 168, SV_298
2026-01-17 21:19:12.329591 INFO::Fitting model to feature number 169, SV_3
2026-01-17 21:19:12.349222 INFO::Fitting model to feature number 170, SV_30
2026-01-17 21:19:12.369821 INFO::Fitting model to feature number 171, SV_301
2026-01-17 21:19:12.391439 INFO::Fitting model to feature number 172, SV_303
2026-01-17 21:19:12.419226 INFO::Fitting model to feature number 173, SV_304
2026-01-17 21:19:12.439886 INFO::Fitting model to feature number 174, SV_305
2026-01-17 21:19:12.460577 INFO::Fitting model to feature number 175, SV_306
2026-01-17 21:19:12.480968 INFO::Fitting model to feature number 176, SV_308
2026-01-17 21:19:12.500755 INFO::Fitting model to feature number 177, SV_309
2026-01-17 21:19:12.521935 INFO::Fitting model to feature number 178, SV_31
2026-01-17 21:19:12.542254 INFO::Fitting model to feature number 179, SV_310
2026-01-17 21:19:12.562518 INFO::Fitting model to feature number 180, SV_311
2026-01-17 21:19:12.58265 INFO::Fitting model to feature number 181, SV_313
2026-01-17 21:19:12.60257 INFO::Fitting model to feature number 182, SV_314
2026-01-17 21:19:12.621972 INFO::Fitting model to feature number 183, SV_315
2026-01-17 21:19:12.641436 INFO::Fitting model to feature number 184, SV_316
2026-01-17 21:19:12.662052 INFO::Fitting model to feature number 185, SV_318
2026-01-17 21:19:12.68876 INFO::Fitting model to feature number 186, SV_319
2026-01-17 21:19:12.709893 INFO::Fitting model to feature number 187, SV_32
2026-01-17 21:19:12.731893 INFO::Fitting model to feature number 188, SV_320
2026-01-17 21:19:12.75369 INFO::Fitting model to feature number 189, SV_323
2026-01-17 21:19:12.774679 INFO::Fitting model to feature number 190, SV_324
2026-01-17 21:19:12.795727 INFO::Fitting model to feature number 191, SV_327
2026-01-17 21:19:12.8155 INFO::Fitting model to feature number 192, SV_328
2026-01-17 21:19:12.835072 INFO::Fitting model to feature number 193, SV_329
2026-01-17 21:19:12.854524 INFO::Fitting model to feature number 194, SV_33
2026-01-17 21:19:12.875281 INFO::Fitting model to feature number 195, SV_331
2026-01-17 21:19:12.895943 INFO::Fitting model to feature number 196, SV_332
2026-01-17 21:19:12.917444 INFO::Fitting model to feature number 197, SV_334
2026-01-17 21:19:12.938863 INFO::Fitting model to feature number 198, SV_335
2026-01-17 21:19:12.960489 INFO::Fitting model to feature number 199, SV_338
2026-01-17 21:19:13.012787 INFO::Fitting model to feature number 200, SV_34
2026-01-17 21:19:13.032086 INFO::Fitting model to feature number 201, SV_341
2026-01-17 21:19:13.052028 INFO::Fitting model to feature number 202, SV_342
2026-01-17 21:19:13.072463 INFO::Fitting model to feature number 203, SV_345
2026-01-17 21:19:13.093824 INFO::Fitting model to feature number 204, SV_346
2026-01-17 21:19:13.115529 INFO::Fitting model to feature number 205, SV_347
2026-01-17 21:19:13.13647 INFO::Fitting model to feature number 206, SV_349
2026-01-17 21:19:13.156618 INFO::Fitting model to feature number 207, SV_35
2026-01-17 21:19:13.176845 INFO::Fitting model to feature number 208, SV_351
2026-01-17 21:19:13.196941 INFO::Fitting model to feature number 209, SV_352
2026-01-17 21:19:13.216561 INFO::Fitting model to feature number 210, SV_353
2026-01-17 21:19:13.235816 INFO::Fitting model to feature number 211, SV_355
2026-01-17 21:19:13.254893 INFO::Fitting model to feature number 212, SV_356
2026-01-17 21:19:13.28078 INFO::Fitting model to feature number 213, SV_357
2026-01-17 21:19:13.300069 INFO::Fitting model to feature number 214, SV_359
2026-01-17 21:19:13.320365 INFO::Fitting model to feature number 215, SV_36
2026-01-17 21:19:13.341954 INFO::Fitting model to feature number 216, SV_361
2026-01-17 21:19:13.363003 INFO::Fitting model to feature number 217, SV_367
2026-01-17 21:19:13.384002 INFO::Fitting model to feature number 218, SV_368
2026-01-17 21:19:13.405543 INFO::Fitting model to feature number 219, SV_369
2026-01-17 21:19:13.426081 INFO::Fitting model to feature number 220, SV_37
2026-01-17 21:19:13.445949 INFO::Fitting model to feature number 221, SV_370
2026-01-17 21:19:13.465721 INFO::Fitting model to feature number 222, SV_371
2026-01-17 21:19:13.485767 INFO::Fitting model to feature number 223, SV_372
2026-01-17 21:19:13.504911 INFO::Fitting model to feature number 224, SV_375
2026-01-17 21:19:13.524272 INFO::Fitting model to feature number 225, SV_376
2026-01-17 21:19:13.543479 INFO::Fitting model to feature number 226, SV_377
2026-01-17 21:19:13.56948 INFO::Fitting model to feature number 227, SV_379
2026-01-17 21:19:13.588864 INFO::Fitting model to feature number 228, SV_38
2026-01-17 21:19:13.608754 INFO::Fitting model to feature number 229, SV_381
2026-01-17 21:19:13.630489 INFO::Fitting model to feature number 230, SV_382
2026-01-17 21:19:13.652002 INFO::Fitting model to feature number 231, SV_384
2026-01-17 21:19:13.673432 INFO::Fitting model to feature number 232, SV_388
2026-01-17 21:19:13.694468 INFO::Fitting model to feature number 233, SV_39
2026-01-17 21:19:13.715288 INFO::Fitting model to feature number 234, SV_390
2026-01-17 21:19:13.736338 INFO::Fitting model to feature number 235, SV_391
2026-01-17 21:19:13.758146 INFO::Fitting model to feature number 236, SV_396
2026-01-17 21:19:13.779478 INFO::Fitting model to feature number 237, SV_397
2026-01-17 21:19:13.800286 INFO::Fitting model to feature number 238, SV_398
2026-01-17 21:19:13.817327 WARNING::Fitting problem for feature 238 a warning was issued
2026-01-17 21:19:13.839834 INFO::Fitting model to feature number 239, SV_399
2026-01-17 21:19:13.868219 INFO::Fitting model to feature number 240, SV_4
2026-01-17 21:19:13.889229 INFO::Fitting model to feature number 241, SV_40
2026-01-17 21:19:13.911187 INFO::Fitting model to feature number 242, SV_401
2026-01-17 21:19:13.931414 INFO::Fitting model to feature number 243, SV_402
2026-01-17 21:19:13.952893 INFO::Fitting model to feature number 244, SV_403
2026-01-17 21:19:13.973718 INFO::Fitting model to feature number 245, SV_404
2026-01-17 21:19:13.995041 INFO::Fitting model to feature number 246, SV_407
2026-01-17 21:19:14.015349 INFO::Fitting model to feature number 247, SV_409
2026-01-17 21:19:14.036066 INFO::Fitting model to feature number 248, SV_41
2026-01-17 21:19:14.05651 INFO::Fitting model to feature number 249, SV_410
2026-01-17 21:19:14.075715 INFO::Fitting model to feature number 250, SV_411
2026-01-17 21:19:14.094751 INFO::Fitting model to feature number 251, SV_413
2026-01-17 21:19:14.113725 INFO::Fitting model to feature number 252, SV_414
2026-01-17 21:19:14.138546 INFO::Fitting model to feature number 253, SV_415
2026-01-17 21:19:14.159159 INFO::Fitting model to feature number 254, SV_416
2026-01-17 21:19:14.179855 INFO::Fitting model to feature number 255, SV_418
2026-01-17 21:19:14.201104 INFO::Fitting model to feature number 256, SV_42
2026-01-17 21:19:14.221241 INFO::Fitting model to feature number 257, SV_421
2026-01-17 21:19:14.240728 INFO::Fitting model to feature number 258, SV_423
2026-01-17 21:19:14.260364 INFO::Fitting model to feature number 259, SV_424
2026-01-17 21:19:14.279658 INFO::Fitting model to feature number 260, SV_425
2026-01-17 21:19:14.301024 INFO::Fitting model to feature number 261, SV_426
2026-01-17 21:19:14.322253 INFO::Fitting model to feature number 262, SV_43
2026-01-17 21:19:14.343926 INFO::Fitting model to feature number 263, SV_431
2026-01-17 21:19:14.365793 INFO::Fitting model to feature number 264, SV_432
2026-01-17 21:19:14.386712 INFO::Fitting model to feature number 265, SV_433
2026-01-17 21:19:14.407898 INFO::Fitting model to feature number 266, SV_435
2026-01-17 21:19:14.435537 INFO::Fitting model to feature number 267, SV_436
2026-01-17 21:19:14.456385 INFO::Fitting model to feature number 268, SV_437
2026-01-17 21:19:14.476536 INFO::Fitting model to feature number 269, SV_44
2026-01-17 21:19:14.495857 INFO::Fitting model to feature number 270, SV_441
2026-01-17 21:19:14.515865 INFO::Fitting model to feature number 271, SV_442
2026-01-17 21:19:14.535346 INFO::Fitting model to feature number 272, SV_443
2026-01-17 21:19:14.554519 INFO::Fitting model to feature number 273, SV_445
2026-01-17 21:19:14.573713 INFO::Fitting model to feature number 274, SV_446
2026-01-17 21:19:14.593442 INFO::Fitting model to feature number 275, SV_447
2026-01-17 21:19:14.614248 INFO::Fitting model to feature number 276, SV_45
2026-01-17 21:19:14.635448 INFO::Fitting model to feature number 277, SV_451
2026-01-17 21:19:14.655955 INFO::Fitting model to feature number 278, SV_452
2026-01-17 21:19:14.676454 INFO::Fitting model to feature number 279, SV_454
2026-01-17 21:19:14.696962 INFO::Fitting model to feature number 280, SV_457
2026-01-17 21:19:14.72556 INFO::Fitting model to feature number 281, SV_459
2026-01-17 21:19:14.746324 INFO::Fitting model to feature number 282, SV_46
2026-01-17 21:19:14.765768 INFO::Fitting model to feature number 283, SV_464
2026-01-17 21:19:14.785043 INFO::Fitting model to feature number 284, SV_466
2026-01-17 21:19:14.804121 INFO::Fitting model to feature number 285, SV_47
2026-01-17 21:19:14.824344 INFO::Fitting model to feature number 286, SV_471
2026-01-17 21:19:14.844437 INFO::Fitting model to feature number 287, SV_472
2026-01-17 21:19:14.864093 INFO::Fitting model to feature number 288, SV_474
2026-01-17 21:19:14.88361 INFO::Fitting model to feature number 289, SV_475
2026-01-17 21:19:14.90322 INFO::Fitting model to feature number 290, SV_477
2026-01-17 21:19:14.923514 INFO::Fitting model to feature number 291, SV_48
2026-01-17 21:19:14.94452 INFO::Fitting model to feature number 292, SV_480
2026-01-17 21:19:14.965112 INFO::Fitting model to feature number 293, SV_482
2026-01-17 21:19:14.993105 INFO::Fitting model to feature number 294, SV_484
2026-01-17 21:19:15.013944 INFO::Fitting model to feature number 295, SV_485
2026-01-17 21:19:15.034616 INFO::Fitting model to feature number 296, SV_486
2026-01-17 21:19:15.055635 INFO::Fitting model to feature number 297, SV_487
2026-01-17 21:19:15.076567 INFO::Fitting model to feature number 298, SV_488
2026-01-17 21:19:15.096518 INFO::Fitting model to feature number 299, SV_489
2026-01-17 21:19:15.116207 INFO::Fitting model to feature number 300, SV_49
2026-01-17 21:19:15.136434 INFO::Fitting model to feature number 301, SV_490
2026-01-17 21:19:15.15649 INFO::Fitting model to feature number 302, SV_491
2026-01-17 21:19:15.176636 INFO::Fitting model to feature number 303, SV_492
2026-01-17 21:19:15.196583 INFO::Fitting model to feature number 304, SV_497
2026-01-17 21:19:15.21555 INFO::Fitting model to feature number 305, SV_499
2026-01-17 21:19:15.235 INFO::Fitting model to feature number 306, SV_5
2026-01-17 21:19:15.254736 INFO::Fitting model to feature number 307, SV_50
2026-01-17 21:19:15.280488 INFO::Fitting model to feature number 308, SV_500
2026-01-17 21:19:15.299688 INFO::Fitting model to feature number 309, SV_503
2026-01-17 21:19:15.319231 INFO::Fitting model to feature number 310, SV_505
2026-01-17 21:19:15.34036 INFO::Fitting model to feature number 311, SV_507
2026-01-17 21:19:15.361242 INFO::Fitting model to feature number 312, SV_509
2026-01-17 21:19:15.381468 INFO::Fitting model to feature number 313, SV_51
2026-01-17 21:19:15.402626 INFO::Fitting model to feature number 314, SV_510
2026-01-17 21:19:15.423024 INFO::Fitting model to feature number 315, SV_511
2026-01-17 21:19:15.44386 INFO::Fitting model to feature number 316, SV_513
2026-01-17 21:19:15.463899 INFO::Fitting model to feature number 317, SV_515
2026-01-17 21:19:15.484919 INFO::Fitting model to feature number 318, SV_517
2026-01-17 21:19:15.505334 INFO::Fitting model to feature number 319, SV_518
2026-01-17 21:19:15.52503 INFO::Fitting model to feature number 320, SV_519
2026-01-17 21:19:15.545634 INFO::Fitting model to feature number 321, SV_52
2026-01-17 21:19:15.573133 INFO::Fitting model to feature number 322, SV_521
2026-01-17 21:19:15.593798 INFO::Fitting model to feature number 323, SV_53
2026-01-17 21:19:15.613913 INFO::Fitting model to feature number 324, SV_530
2026-01-17 21:19:15.634427 INFO::Fitting model to feature number 325, SV_531
2026-01-17 21:19:15.654284 INFO::Fitting model to feature number 326, SV_532
2026-01-17 21:19:15.674451 INFO::Fitting model to feature number 327, SV_534
2026-01-17 21:19:15.69367 INFO::Fitting model to feature number 328, SV_535
2026-01-17 21:19:15.712537 INFO::Fitting model to feature number 329, SV_536
2026-01-17 21:19:15.731973 INFO::Fitting model to feature number 330, SV_537
2026-01-17 21:19:15.753223 INFO::Fitting model to feature number 331, SV_538
2026-01-17 21:19:15.774425 INFO::Fitting model to feature number 332, SV_54
2026-01-17 21:19:15.795056 INFO::Fitting model to feature number 333, SV_541
2026-01-17 21:19:15.816272 INFO::Fitting model to feature number 334, SV_542
2026-01-17 21:19:15.845108 INFO::Fitting model to feature number 335, SV_544
2026-01-17 21:19:15.866462 INFO::Fitting model to feature number 336, SV_547
2026-01-17 21:19:15.887146 INFO::Fitting model to feature number 337, SV_549
2026-01-17 21:19:15.907706 INFO::Fitting model to feature number 338, SV_55
2026-01-17 21:19:15.928624 INFO::Fitting model to feature number 339, SV_550
2026-01-17 21:19:15.948425 INFO::Fitting model to feature number 340, SV_551
2026-01-17 21:19:15.968029 INFO::Fitting model to feature number 341, SV_553
2026-01-17 21:19:15.987116 INFO::Fitting model to feature number 342, SV_556
2026-01-17 21:19:16.006274 INFO::Fitting model to feature number 343, SV_557
2026-01-17 21:19:16.025722 INFO::Fitting model to feature number 344, SV_559
2026-01-17 21:19:16.04496 INFO::Fitting model to feature number 345, SV_56
2026-01-17 21:19:16.064091 INFO::Fitting model to feature number 346, SV_560
2026-01-17 21:19:16.083125 INFO::Fitting model to feature number 347, SV_561
2026-01-17 21:19:16.102266 INFO::Fitting model to feature number 348, SV_564
2026-01-17 21:19:16.127971 INFO::Fitting model to feature number 349, SV_567
2026-01-17 21:19:16.146873 INFO::Fitting model to feature number 350, SV_568
2026-01-17 21:19:16.165636 INFO::Fitting model to feature number 351, SV_569
2026-01-17 21:19:16.186225 INFO::Fitting model to feature number 352, SV_57
2026-01-17 21:19:16.206871 INFO::Fitting model to feature number 353, SV_570
2026-01-17 21:19:16.226524 INFO::Fitting model to feature number 354, SV_571
2026-01-17 21:19:16.24604 INFO::Fitting model to feature number 355, SV_572
2026-01-17 21:19:16.265043 INFO::Fitting model to feature number 356, SV_574
2026-01-17 21:19:16.284337 INFO::Fitting model to feature number 357, SV_575
2026-01-17 21:19:16.305416 INFO::Fitting model to feature number 358, SV_576
2026-01-17 21:19:16.325314 INFO::Fitting model to feature number 359, SV_578
2026-01-17 21:19:16.344547 INFO::Fitting model to feature number 360, SV_579
2026-01-17 21:19:16.360307 WARNING::Fitting problem for feature 360 a warning was issued
2026-01-17 21:19:16.379774 INFO::Fitting model to feature number 361, SV_58
2026-01-17 21:19:16.40563 INFO::Fitting model to feature number 362, SV_580
2026-01-17 21:19:16.424825 INFO::Fitting model to feature number 363, SV_581
2026-01-17 21:19:16.443737 INFO::Fitting model to feature number 364, SV_585
2026-01-17 21:19:16.46239 INFO::Fitting model to feature number 365, SV_586
2026-01-17 21:19:16.48107 INFO::Fitting model to feature number 366, SV_587
2026-01-17 21:19:16.501142 INFO::Fitting model to feature number 367, SV_59
2026-01-17 21:19:16.522221 INFO::Fitting model to feature number 368, SV_590
2026-01-17 21:19:16.542306 INFO::Fitting model to feature number 369, SV_591
2026-01-17 21:19:16.563496 INFO::Fitting model to feature number 370, SV_595
2026-01-17 21:19:16.583753 INFO::Fitting model to feature number 371, SV_597
2026-01-17 21:19:16.604005 INFO::Fitting model to feature number 372, SV_598
2026-01-17 21:19:16.623423 INFO::Fitting model to feature number 373, SV_599
2026-01-17 21:19:16.642977 INFO::Fitting model to feature number 374, SV_6
2026-01-17 21:19:16.670445 INFO::Fitting model to feature number 375, SV_60
2026-01-17 21:19:16.691465 INFO::Fitting model to feature number 376, SV_602
2026-01-17 21:19:16.71233 INFO::Fitting model to feature number 377, SV_607
2026-01-17 21:19:16.733652 INFO::Fitting model to feature number 378, SV_608
2026-01-17 21:19:16.753743 INFO::Fitting model to feature number 379, SV_609
2026-01-17 21:19:16.774363 INFO::Fitting model to feature number 380, SV_61
2026-01-17 21:19:16.794855 INFO::Fitting model to feature number 381, SV_611
2026-01-17 21:19:16.81652 INFO::Fitting model to feature number 382, SV_615
2026-01-17 21:19:16.837189 INFO::Fitting model to feature number 383, SV_617
2026-01-17 21:19:16.857859 INFO::Fitting model to feature number 384, SV_619
2026-01-17 21:19:16.878686 INFO::Fitting model to feature number 385, SV_62
2026-01-17 21:19:16.898277 INFO::Fitting model to feature number 386, SV_620
2026-01-17 21:19:16.91762 INFO::Fitting model to feature number 387, SV_622
2026-01-17 21:19:16.93723 INFO::Fitting model to feature number 388, SV_623
2026-01-17 21:19:16.966026 INFO::Fitting model to feature number 389, SV_624
2026-01-17 21:19:16.98792 INFO::Fitting model to feature number 390, SV_626
2026-01-17 21:19:17.008798 INFO::Fitting model to feature number 391, SV_627
2026-01-17 21:19:17.029447 INFO::Fitting model to feature number 392, SV_629
2026-01-17 21:19:17.051563 INFO::Fitting model to feature number 393, SV_634
2026-01-17 21:19:17.073856 INFO::Fitting model to feature number 394, SV_636
2026-01-17 21:19:17.095461 INFO::Fitting model to feature number 395, SV_638
2026-01-17 21:19:17.118146 INFO::Fitting model to feature number 396, SV_639
2026-01-17 21:19:17.139172 INFO::Fitting model to feature number 397, SV_64
2026-01-17 21:19:17.162105 INFO::Fitting model to feature number 398, SV_641
2026-01-17 21:19:17.183489 INFO::Fitting model to feature number 399, SV_642
2026-01-17 21:19:17.20463 INFO::Fitting model to feature number 400, SV_643
2026-01-17 21:19:17.225633 INFO::Fitting model to feature number 401, SV_645
2026-01-17 21:19:17.246433 INFO::Fitting model to feature number 402, SV_646
2026-01-17 21:19:17.275888 INFO::Fitting model to feature number 403, SV_648
2026-01-17 21:19:17.297086 INFO::Fitting model to feature number 404, SV_649
2026-01-17 21:19:17.317299 INFO::Fitting model to feature number 405, SV_65
2026-01-17 21:19:17.337299 INFO::Fitting model to feature number 406, SV_650
2026-01-17 21:19:17.357385 INFO::Fitting model to feature number 407, SV_653
2026-01-17 21:19:17.378156 INFO::Fitting model to feature number 408, SV_654
2026-01-17 21:19:17.399171 INFO::Fitting model to feature number 409, SV_657
2026-01-17 21:19:17.418303 INFO::Fitting model to feature number 410, SV_66
2026-01-17 21:19:17.438656 INFO::Fitting model to feature number 411, SV_663
2026-01-17 21:19:17.459141 INFO::Fitting model to feature number 412, SV_665
2026-01-17 21:19:17.480463 INFO::Fitting model to feature number 413, SV_668
2026-01-17 21:19:17.500888 INFO::Fitting model to feature number 414, SV_67
2026-01-17 21:19:17.521368 INFO::Fitting model to feature number 415, SV_675
2026-01-17 21:19:17.549411 INFO::Fitting model to feature number 416, SV_68
2026-01-17 21:19:17.570081 INFO::Fitting model to feature number 417, SV_684
2026-01-17 21:19:17.591286 INFO::Fitting model to feature number 418, SV_69
2026-01-17 21:19:17.612704 INFO::Fitting model to feature number 419, SV_692
2026-01-17 21:19:17.633983 INFO::Fitting model to feature number 420, SV_693
2026-01-17 21:19:17.655304 INFO::Fitting model to feature number 421, SV_695
2026-01-17 21:19:17.677049 INFO::Fitting model to feature number 422, SV_697
2026-01-17 21:19:17.699201 INFO::Fitting model to feature number 423, SV_699
2026-01-17 21:19:17.72047 INFO::Fitting model to feature number 424, SV_7
2026-01-17 21:19:17.742434 INFO::Fitting model to feature number 425, SV_70
2026-01-17 21:19:17.764515 INFO::Fitting model to feature number 426, SV_700
2026-01-17 21:19:17.785217 INFO::Fitting model to feature number 427, SV_702
2026-01-17 21:19:17.806017 INFO::Fitting model to feature number 428, SV_706
2026-01-17 21:19:17.827247 INFO::Fitting model to feature number 429, SV_708
2026-01-17 21:19:17.855033 INFO::Fitting model to feature number 430, SV_71
2026-01-17 21:19:17.878081 INFO::Fitting model to feature number 431, SV_719
2026-01-17 21:19:17.898896 INFO::Fitting model to feature number 432, SV_72
2026-01-17 21:19:17.921161 INFO::Fitting model to feature number 433, SV_721
2026-01-17 21:19:17.943004 INFO::Fitting model to feature number 434, SV_722
2026-01-17 21:19:17.964689 INFO::Fitting model to feature number 435, SV_723
2026-01-17 21:19:17.986501 INFO::Fitting model to feature number 436, SV_725
2026-01-17 21:19:18.008543 INFO::Fitting model to feature number 437, SV_727
2026-01-17 21:19:18.030256 INFO::Fitting model to feature number 438, SV_728
2026-01-17 21:19:18.052563 INFO::Fitting model to feature number 439, SV_729
2026-01-17 21:19:18.074244 INFO::Fitting model to feature number 440, SV_73
2026-01-17 21:19:18.095839 INFO::Fitting model to feature number 441, SV_731
2026-01-17 21:19:18.117334 INFO::Fitting model to feature number 442, SV_732
2026-01-17 21:19:18.147311 INFO::Fitting model to feature number 443, SV_733
2026-01-17 21:19:18.169384 INFO::Fitting model to feature number 444, SV_734
2026-01-17 21:19:18.190988 INFO::Fitting model to feature number 445, SV_735
2026-01-17 21:19:18.212326 INFO::Fitting model to feature number 446, SV_736
2026-01-17 21:19:18.234426 INFO::Fitting model to feature number 447, SV_738
2026-01-17 21:19:18.256134 INFO::Fitting model to feature number 448, SV_739
2026-01-17 21:19:18.277458 INFO::Fitting model to feature number 449, SV_741
2026-01-17 21:19:18.298486 INFO::Fitting model to feature number 450, SV_745
2026-01-17 21:19:18.321138 INFO::Fitting model to feature number 451, SV_746
2026-01-17 21:19:18.342387 INFO::Fitting model to feature number 452, SV_748
2026-01-17 21:19:18.362345 INFO::Fitting model to feature number 453, SV_753
2026-01-17 21:19:18.381299 INFO::Fitting model to feature number 454, SV_757
2026-01-17 21:19:18.400601 INFO::Fitting model to feature number 455, SV_758
2026-01-17 21:19:18.419783 INFO::Fitting model to feature number 456, SV_759
2026-01-17 21:19:18.445633 INFO::Fitting model to feature number 457, SV_76
2026-01-17 21:19:18.464852 INFO::Fitting model to feature number 458, SV_760
2026-01-17 21:19:18.483507 INFO::Fitting model to feature number 459, SV_761
2026-01-17 21:19:18.502233 INFO::Fitting model to feature number 460, SV_763
2026-01-17 21:19:18.520972 INFO::Fitting model to feature number 461, SV_764
2026-01-17 21:19:18.540617 INFO::Fitting model to feature number 462, SV_77
2026-01-17 21:19:18.56137 INFO::Fitting model to feature number 463, SV_773
2026-01-17 21:19:18.582434 INFO::Fitting model to feature number 464, SV_774
2026-01-17 21:19:18.602858 INFO::Fitting model to feature number 465, SV_777
2026-01-17 21:19:18.6227 INFO::Fitting model to feature number 466, SV_779
2026-01-17 21:19:18.643731 INFO::Fitting model to feature number 467, SV_78
2026-01-17 21:19:18.665073 INFO::Fitting model to feature number 468, SV_780
2026-01-17 21:19:18.686566 INFO::Fitting model to feature number 469, SV_782
2026-01-17 21:19:18.709146 INFO::Fitting model to feature number 470, SV_783
2026-01-17 21:19:18.73715 INFO::Fitting model to feature number 471, SV_79
2026-01-17 21:19:18.757844 INFO::Fitting model to feature number 472, SV_790
2026-01-17 21:19:18.77779 INFO::Fitting model to feature number 473, SV_792
2026-01-17 21:19:18.79883 INFO::Fitting model to feature number 474, SV_794
2026-01-17 21:19:18.819619 INFO::Fitting model to feature number 475, SV_795
2026-01-17 21:19:18.840601 INFO::Fitting model to feature number 476, SV_8
2026-01-17 21:19:18.86106 INFO::Fitting model to feature number 477, SV_80
2026-01-17 21:19:18.880554 INFO::Fitting model to feature number 478, SV_800
2026-01-17 21:19:18.900241 INFO::Fitting model to feature number 479, SV_805
2026-01-17 21:19:18.920042 INFO::Fitting model to feature number 480, SV_806
2026-01-17 21:19:18.939831 INFO::Fitting model to feature number 481, SV_807
2026-01-17 21:19:18.958995 INFO::Fitting model to feature number 482, SV_81
2026-01-17 21:19:18.977904 INFO::Fitting model to feature number 483, SV_812
2026-01-17 21:19:19.01476 INFO::Fitting model to feature number 484, SV_813
2026-01-17 21:19:19.034484 INFO::Fitting model to feature number 485, SV_82
2026-01-17 21:19:19.054328 INFO::Fitting model to feature number 486, SV_823
2026-01-17 21:19:19.074955 INFO::Fitting model to feature number 487, SV_824
2026-01-17 21:19:19.095126 INFO::Fitting model to feature number 488, SV_84
2026-01-17 21:19:19.115441 INFO::Fitting model to feature number 489, SV_85
2026-01-17 21:19:19.134655 INFO::Fitting model to feature number 490, SV_86
2026-01-17 21:19:19.15405 INFO::Fitting model to feature number 491, SV_87
2026-01-17 21:19:19.173228 INFO::Fitting model to feature number 492, SV_88
2026-01-17 21:19:19.19294 INFO::Fitting model to feature number 493, SV_89
2026-01-17 21:19:19.212298 INFO::Fitting model to feature number 494, SV_9
2026-01-17 21:19:19.231956 INFO::Fitting model to feature number 495, SV_90
2026-01-17 21:19:19.252569 INFO::Fitting model to feature number 496, SV_91
2026-01-17 21:19:19.275385 INFO::Fitting model to feature number 497, SV_92
2026-01-17 21:19:19.304687 INFO::Fitting model to feature number 498, SV_93
2026-01-17 21:19:19.326688 INFO::Fitting model to feature number 499, SV_94
2026-01-17 21:19:19.348411 INFO::Fitting model to feature number 500, SV_95
2026-01-17 21:19:19.37123 INFO::Fitting model to feature number 501, SV_96
2026-01-17 21:19:19.392476 INFO::Fitting model to feature number 502, SV_97
2026-01-17 21:19:19.413418 INFO::Fitting model to feature number 503, SV_98
2026-01-17 21:19:19.435477 INFO::Fitting model to feature number 504, SV_99
2026-01-17 21:19:19.500977 INFO::Counting total values for each feature
2026-01-17 21:19:19.525411 INFO::Writing filtered data to file maaslin/SV_metresponders_timepoint_interaction2/features/filtered_data.tsv
2026-01-17 21:19:19.53297 INFO::Writing filtered, normalized data to file maaslin/SV_metresponders_timepoint_interaction2/features/filtered_data_norm.tsv
2026-01-17 21:19:19.539734 INFO::Writing filtered, normalized, transformed data to file maaslin/SV_metresponders_timepoint_interaction2/features/filtered_data_norm_transformed.tsv
2026-01-17 21:19:19.546531 WARNING::Deleting existing residuals file: maaslin/SV_metresponders_timepoint_interaction2/fits/residuals.rds
2026-01-17 21:19:19.547127 INFO::Writing residuals to file maaslin/SV_metresponders_timepoint_interaction2/fits/residuals.rds
2026-01-17 21:19:19.550367 WARNING::Deleting existing fitted file: maaslin/SV_metresponders_timepoint_interaction2/fits/fitted.rds
2026-01-17 21:19:19.550793 INFO::Writing fitted values to file maaslin/SV_metresponders_timepoint_interaction2/fits/fitted.rds
2026-01-17 21:19:19.552931 WARNING::Deleting existing ranef file: maaslin/SV_metresponders_timepoint_interaction2/fits/ranef.rds
2026-01-17 21:19:19.553344 INFO::Writing extracted random effects to file maaslin/SV_metresponders_timepoint_interaction2/fits/ranef.rds
2026-01-17 21:19:19.554677 INFO::Writing all results to file (ordered by increasing q-values): maaslin/SV_metresponders_timepoint_interaction2/all_results.tsv
2026-01-17 21:19:19.560125 INFO::Writing the significant results (those which are less than or equal to the threshold of 0.250000 ) to file (ordered by increasing q-values): maaslin/SV_metresponders_timepoint_interaction2/significant_results.tsv
2026-01-17 21:19:19.560598 INFO::Writing heatmap of significant results to file: maaslin/SV_metresponders_timepoint_interaction2/heatmap.pdf
2026-01-17 21:19:19.561671 INFO::Writing association plots (one for each significant association) to output folder: maaslin/SV_metresponders_timepoint_interaction2
